2025-12-06 15:47:01, MOVE, v:1, k:poo@pagamento, mode:PICK
2025-12-06 15:47:02, EXEC, v:1, k:poo@pagamento, mode:LOCK, rate:0, size:19
2025-12-06 15:47:03, MOVE, v:1, k:poo@pagamento, mode:BACK
2025-12-06 18:49:12, MOVE, v:1, k:poo@pagamento, mode:PICK
2025-12-06 18:49:12, EXEC, v:1, k:poo@pagamento, mode:LOCK, rate:0, size:22
2025-12-06 19:24:36, EXEC, v:1, k:poo@pagamento, mode:LOCK, rate:0, size:75
2025-12-06 19:24:37, EXEC, v:1, k:poo@pagamento, mode:LOCK, rate:0
2025-12-06 19:24:37, EXEC, v:1, k:poo@pagamento, mode:LOCK, rate:0
2025-12-06 19:25:38, EXEC, v:1, k:poo@pagamento, mode:LOCK, rate:0, size:75
2025-12-06 19:25:39, EXEC, v:1, k:poo@pagamento, mode:LOCK, rate:0
2025-12-06 19:25:39, EXEC, v:1, k:poo@pagamento, mode:LOCK, rate:0
2025-12-06 19:25:40, EXEC, v:1, k:poo@pagamento, mode:LOCK, rate:0
2025-12-06 19:25:40, EXEC, v:1, k:poo@pagamento, mode:LOCK, rate:0
2025-12-06 19:25:40, EXEC, v:1, k:poo@pagamento, mode:LOCK, rate:0
2025-12-06 19:27:39, EXEC, v:1, k:poo@pagamento, mode:LOCK, rate:0, size:78
2025-12-06 19:27:53, EXEC, v:1, k:poo@pagamento, mode:LOCK, rate:0, size:78
2025-12-06 19:28:12, MOVE, v:1, k:poo@pagamento, mode:BACK
2025-12-06 20:20:23, MOVE, v:1, k:poo@pagamento, mode:PICK
2025-12-06 20:20:23, EXEC, v:1, k:poo@pagamento, mode:LOCK, rate:0
2025-12-06 20:20:24, EXEC, v:1, k:poo@pagamento, mode:LOCK, rate:0
2025-12-06 20:20:24, EXEC, v:1, k:poo@pagamento, mode:LOCK, rate:0
2025-12-06 20:20:24, EXEC, v:1, k:poo@pagamento, mode:LOCK, rate:0
2025-12-06 20:20:26, MOVE, v:1, k:poo@pagamento, mode:BACK
2025-12-06 20:22:09, MOVE, v:1, k:poo@shapes, mode:DOWN
2025-12-06 20:22:13, MOVE, v:1, k:poo@shapes, mode:PICK
2025-12-06 20:22:15, MOVE, v:1, k:poo@shapes, mode:BACK
2025-12-06 20:22:17, MOVE, v:1, k:poo@shapes, mode:PICK
2025-12-06 20:47:41, EXEC, v:1, k:poo@shapes, mode:FULL, rate:0, size:27
2025-12-06 20:47:45, MOVE, v:1, k:poo@shapes, mode:BACK
2025-12-06 21:46:16, MOVE, v:1, k:poo@shapes, mode:PICK
2025-12-06 22:19:19, EXEC, v:1, k:poo@shapes, mode:FULL, rate:0, size:42
2025-12-06 22:26:33, EXEC, v:1, k:poo@shapes, mode:FULL, rate:0, size:44
2025-12-06 22:37:03, EXEC, v:1, k:poo@shapes, mode:FULL, rate:0, size:67
2025-12-06 22:37:03, MOVE, v:1, k:poo@shapes, mode:BACK
2025-12-06 22:38:54, MOVE, v:1, k:poo@shapes, mode:PICK
2025-12-06 22:50:13, EXEC, v:1, k:poo@shapes, mode:FULL, rate:0, size:94
2025-12-06 22:54:36, EXEC, v:1, k:poo@shapes, mode:FULL, rate:0, size:94
2025-12-06 22:54:36, EXEC, v:1, k:poo@shapes, mode:FULL, rate:0, size:94
2025-12-06 22:54:36, EXEC, v:1, k:poo@shapes, mode:FULL, rate:0, size:94
2025-12-06 22:54:37, EXEC, v:1, k:poo@shapes, mode:FULL, rate:0
2025-12-06 22:55:34, EXEC, v:1, k:poo@shapes, mode:FULL, rate:20, size:94
2025-12-06 22:59:25, EXEC, v:1, k:poo@shapes, mode:FULL, rate:0, size:103
2025-12-06 22:59:32, EXEC, v:1, k:poo@shapes, mode:FULL, rate:0, size:103
2025-12-06 23:00:22, EXEC, v:1, k:poo@shapes, mode:FULL, rate:0, size:103
2025-12-06 23:05:00, EXEC, v:1, k:poo@shapes, mode:FULL, rate:20, size:102
2025-12-06 23:06:25, EXEC, v:1, k:poo@shapes, mode:FULL, rate:20, size:105
2025-12-06 23:06:47, EXEC, v:1, k:poo@shapes, mode:FULL, rate:20, size:105
2025-12-06 23:07:10, EXEC, v:1, k:poo@shapes, mode:FULL, rate:20, size:105
2025-12-06 23:07:54, EXEC, v:1, k:poo@shapes, mode:FULL, rate:60, size:105
2025-12-06 23:14:08, EXEC, v:1, k:poo@shapes, mode:FULL, rate:40, size:110
2025-12-06 23:42:34, EXEC, v:1, k:poo@shapes, mode:FULL, rate:40, size:111
2025-12-06 23:43:23, EXEC, v:1, k:poo@shapes, mode:FULL, rate:40, size:111
2025-12-06 23:43:53, EXEC, v:1, k:poo@shapes, mode:FULL, rate:80, size:111
2025-12-06 23:45:03, EXEC, v:1, k:poo@shapes, mode:FULL, rate:100, size:114
2025-12-06 23:46:24, MOVE, v:1, k:poo@shapes, mode:BACK
2025-12-06 23:47:48, MOVE, v:1, k:poo@estacionamento, mode:DOWN
2025-12-06 23:58:08, MOVE, v:1, k:poo@estacionamento, mode:PICK
2025-12-06 23:58:09, EXEC, v:1, k:poo@estacionamento, mode:FULL, rate:0, size:17
2025-12-06 23:58:10, EXEC, v:1, k:poo@estacionamento, mode:FULL, rate:0
2025-12-06 23:58:11, MOVE, v:1, k:poo@estacionamento, mode:BACK
