2025-12-14 14:07:31, MOVE, v:1, k:poo@estacionamento, mode:PICK
2025-12-14 14:07:45, MOVE, v:1, k:poo@estacionamento, mode:BACK
2025-12-14 14:11:04, MOVE, v:1, k:poo@estacionamento, mode:PICK
2025-12-14 14:13:48, EXEC, v:1, k:poo@estacionamento, mode:FULL, rate:0, size:33
2025-12-14 14:13:57, MOVE, v:1, k:poo@estacionamento, mode:BACK
2025-12-14 14:14:09, MOVE, v:1, k:poo@estacionamento, mode:PICK
2025-12-14 14:15:35, EXEC, v:1, k:poo@estacionamento, mode:FULL, rate:0, size:34
2025-12-14 14:15:46, EXEC, v:1, k:poo@estacionamento, mode:FULL, rate:0, size:34
2025-12-14 14:15:47, EXEC, v:1, k:poo@estacionamento, mode:FULL, rate:0
2025-12-14 14:15:55, EXEC, v:1, k:poo@estacionamento, mode:FULL, rate:0, size:34
2025-12-14 14:46:29, MOVE, v:1, k:poo@estacionamento, mode:BACK
2025-12-14 14:52:35, MOVE, v:1, k:poo@estacionamento, mode:PICK
2025-12-14 14:52:38, EXEC, v:1, k:poo@estacionamento, mode:FULL, rate:0, size:49
2025-12-14 14:52:38, EXEC, v:1, k:poo@estacionamento, mode:FULL, rate:0, size:49
2025-12-14 14:52:39, EXEC, v:1, k:poo@estacionamento, mode:FULL, rate:0, size:49
2025-12-14 14:52:39, EXEC, v:1, k:poo@estacionamento, mode:FULL, rate:0
2025-12-14 14:52:40, EXEC, v:1, k:poo@estacionamento, mode:FULL, rate:0
2025-12-14 14:52:40, EXEC, v:1, k:poo@estacionamento, mode:FULL, rate:0
2025-12-14 14:52:40, EXEC, v:1, k:poo@estacionamento, mode:FULL, rate:0
2025-12-14 14:52:41, MOVE, v:1, k:poo@estacionamento, mode:BACK
2025-12-14 14:52:49, MOVE, v:1, k:poo@estacionamento, mode:PICK
2025-12-14 14:52:52, EXEC, v:1, k:poo@estacionamento, mode:FULL, rate:0
2025-12-14 14:53:27, MOVE, v:1, k:poo@estacionamento, mode:BACK
2025-12-14 14:54:07, MOVE, v:1, k:poo@estacionamento, mode:PICK
2025-12-14 14:54:10, EXEC, v:1, k:poo@estacionamento, mode:FULL, rate:0, size:58
2025-12-14 15:10:06, EXEC, v:1, k:poo@estacionamento, mode:FULL, rate:0, size:71
2025-12-14 15:17:49, EXEC, v:1, k:poo@estacionamento, mode:FREE, size:72
2025-12-14 15:46:30, MOVE, v:1, k:poo@estacionamento, mode:BACK
2025-12-14 16:07:53, MOVE, v:1, k:poo@estacionamento, mode:PICK
2025-12-14 16:14:34, EXEC, v:1, k:poo@estacionamento, mode:FULL, rate:0, size:88
2025-12-14 16:14:36, EXEC, v:1, k:poo@estacionamento, mode:FULL, rate:0
2025-12-14 16:30:06, EXEC, v:1, k:poo@estacionamento, mode:FULL, rate:0, size:106
2025-12-14 16:52:41, MOVE, v:1, k:poo@estacionamento, mode:BACK
2025-12-14 16:55:55, MOVE, v:1, k:poo@shapes, mode:PICK
2025-12-14 16:55:56, EXEC, v:1, k:poo@shapes, mode:FULL, rate:100, size:110
2025-12-14 16:55:59, MOVE, v:1, k:poo@shapes, mode:BACK
2025-12-14 16:56:00, MOVE, v:1, k:poo@estacionamento, mode:PICK
2025-12-14 16:56:04, EXEC, v:1, k:poo@estacionamento, mode:FULL, rate:0, size:114
2025-12-14 17:06:35, EXEC, v:1, k:poo@estacionamento, mode:FULL, rate:0, size:115
2025-12-14 17:11:38, EXEC, v:1, k:poo@estacionamento, mode:FULL, rate:0, size:123
2025-12-14 17:13:44, EXEC, v:1, k:poo@estacionamento, mode:FULL, rate:0, size:126
2025-12-14 17:14:37, EXEC, v:1, k:poo@estacionamento, mode:FULL, rate:0, size:126
2025-12-14 17:14:38, EXEC, v:1, k:poo@estacionamento, mode:FULL, rate:0
2025-12-14 17:17:11, EXEC, v:1, k:poo@estacionamento, mode:FULL, rate:0, size:127
2025-12-14 17:27:54, MOVE, v:1, k:poo@estacionamento, mode:BACK
